<?xml version="1.0" encoding="UTF-8"?>
<testsuite name="StackTest" tests="10" skipped="0" failures="0" errors="0" timestamp="2017-11-28T18:12:03" hostname="Simons-MBP.fritz.box" time="0.317">
  <properties/>
  <testcase name="testPush1" classname="StackTest" time="0.002"/>
  <testcase name="testPush2" classname="StackTest" time="0.147"/>
  <testcase name="testPush3" classname="StackTest" time="0.0"/>
  <testcase name="testPop1" classname="StackTest" time="0.001"/>
  <testcase name="testPop2" classname="StackTest" time="0.0"/>
  <testcase name="testPop3" classname="StackTest" time="0.164"/>
  <testcase name="testTop1" classname="StackTest" time="0.001"/>
  <testcase name="testTop2" classname="StackTest" time="0.0"/>
  <testcase name="testIsEmpty1" classname="StackTest" time="0.0"/>
  <testcase name="testIsEmpty2" classname="StackTest" time="0.0"/>
  <system-out><![CDATA[]]></system-out>
  <system-err><![CDATA[]]></system-err>
</testsuite>
